0 info it worked if it ends with ok
1 verbose cli [ 'C:\\Program Files (x86)\\nodejs\\node.exe',
1 verbose cli   'C:\\Program Files (x86)\\nodejs\\node_modules\\npm\\bin\\npm-cli.js',
1 verbose cli   'owner',
1 verbose cli   'ls',
1 verbose cli   'ngCytoscape' ]
2 info using npm@2.14.12
3 info using node@v4.2.4
4 silly mapToRegistry name ngCytoscape
5 silly mapToRegistry using default registry
6 silly mapToRegistry registry https://registry.npmjs.org/
7 silly mapToRegistry uri https://registry.npmjs.org/ngCytoscape
8 verbose request uri https://registry.npmjs.org/ngCytoscape
9 verbose request no auth needed
10 info attempt registry request try #1 at 4:54:43 PM
11 verbose request id a826daf8f87772e4
12 http request GET https://registry.npmjs.org/ngCytoscape
13 http 404 https://registry.npmjs.org/ngCytoscape
14 verbose headers { 'content-type': 'application/json',
14 verbose headers   'cache-control': 'max-age=0',
14 verbose headers   'content-length': '2',
14 verbose headers   'accept-ranges': 'bytes',
14 verbose headers   date: 'Sun, 21 Feb 2016 21:54:36 GMT',
14 verbose headers   via: '1.1 varnish',
14 verbose headers   age: '0',
14 verbose headers   connection: 'keep-alive',
14 verbose headers   'x-served-by': 'cache-jfk1045-JFK',
14 verbose headers   'x-cache': 'MISS',
14 verbose headers   'x-cache-hits': '0',
14 verbose headers   'x-timer': 'S1456091675.979974,VS0,VE87' }
15 silly get cb [ 404,
15 silly get   { 'content-type': 'application/json',
15 silly get     'cache-control': 'max-age=0',
15 silly get     'content-length': '2',
15 silly get     'accept-ranges': 'bytes',
15 silly get     date: 'Sun, 21 Feb 2016 21:54:36 GMT',
15 silly get     via: '1.1 varnish',
15 silly get     age: '0',
15 silly get     connection: 'keep-alive',
15 silly get     'x-served-by': 'cache-jfk1045-JFK',
15 silly get     'x-cache': 'MISS',
15 silly get     'x-cache-hits': '0',
15 silly get     'x-timer': 'S1456091675.979974,VS0,VE87' } ]
16 error owner ls Couldn't get owner data ngCytoscape
17 verbose stack Error: Registry returned 404 for GET on https://registry.npmjs.org/ngCytoscape
17 verbose stack     at makeError (C:\Program Files (x86)\nodejs\node_modules\npm\node_modules\npm-registry-client\lib\request.js:264:12)
17 verbose stack     at CachingRegistryClient.<anonymous> (C:\Program Files (x86)\nodejs\node_modules\npm\node_modules\npm-registry-client\lib\request.js:242:14)
17 verbose stack     at Request._callback (C:\Program Files (x86)\nodejs\node_modules\npm\node_modules\npm-registry-client\lib\request.js:172:14)
17 verbose stack     at Request.self.callback (C:\Program Files (x86)\nodejs\node_modules\npm\node_modules\request\request.js:198:22)
17 verbose stack     at emitTwo (events.js:87:13)
17 verbose stack     at Request.emit (events.js:172:7)
17 verbose stack     at Request.<anonymous> (C:\Program Files (x86)\nodejs\node_modules\npm\node_modules\request\request.js:1082:10)
17 verbose stack     at emitOne (events.js:82:20)
17 verbose stack     at Request.emit (events.js:169:7)
17 verbose stack     at IncomingMessage.<anonymous> (C:\Program Files (x86)\nodejs\node_modules\npm\node_modules\request\request.js:1009:12)
18 verbose statusCode 404
19 verbose pkgid ngCytoscape
20 verbose cwd C:\Users\Johnny\WebstormProjects\ngCytoscape\ngCytoscape
21 error Windows_NT 10.0.10586
22 error argv "C:\\Program Files (x86)\\nodejs\\node.exe" "C:\\Program Files (x86)\\nodejs\\node_modules\\npm\\bin\\npm-cli.js" "owner" "ls" "ngCytoscape"
23 error node v4.2.4
24 error npm  v2.14.12
25 error code E404
26 error 404 Registry returned 404 for GET on https://registry.npmjs.org/ngCytoscape
26 error 404
26 error 404 'ngCytoscape' is not in the npm registry.
26 error 404 Your package name is not valid, because
26 error 404
26 error 404  1. name can no longer contain capital letters
26 error 404
26 error 404 Note that you can also install from a
26 error 404 tarball, folder, http url, or git url.
27 verbose exit [ 1, true ]
